2017-09-17 20:56:36 [INFO ] http11.Http11Protocol (init:401) - Initializing ProtocolHandler ["http-bio-8088"]
2017-09-17 20:56:36 [INFO ] core.StandardService (startInternal:437) - Starting service Tomcat
2017-09-17 20:56:36 [INFO ] core.StandardEngine (startInternal:297) - Starting Servlet Engine: Apache Tomcat/7.0.54
2017-09-17 20:56:36 [INFO ] loader.WebappClassLoader (validateJarFile:3494) - validateJarFile(D:\code\webWorkspace\myWeb\WebContent\WEB-INF\lib\tomcat-embed-core-7.0.54.jar) - jar not loaded. See Servlet Spec 3.0, section 10.7.2. Offending class: javax/servlet/Servlet.class
2017-09-17 20:56:36 [INFO ] startup.ContextConfig (getDefaultWebXmlFragment:1465) - No global web.xml found
2017-09-17 20:56:38 [INFO ] digester.Digester (body:147) - TLD skipped. URI: http://www.springframework.org/tags is already defined
2017-09-17 20:56:38 [INFO ] digester.Digester (body:147) - TLD skipped. URI: http://www.springframework.org/tags/form is already defined
2017-09-17 20:56:38 [INFO ] [localhost].[/] (log:747) - No Spring WebApplicationInitializer types detected on classpath
2017-09-17 20:56:38 [INFO ] [localhost].[/] (log:747) - Set web app root system property: 'webapp.root' = [D:\code\webWorkspace\myWeb\WebContent\]
2017-09-17 20:56:38 [INFO ] [localhost].[/] (log:747) - Initializing log4j from [D:\code\webWorkspace\myWeb\WebContent\WEB-INF\conf\log4j.properties]
2017-09-17 20:56:38 [INFO ] [localhost].[/] (log:747) - Initializing Spring FrameworkServlet 'springmvc'
2017-09-17 20:56:38 [INFO ] servlet.DispatcherServlet (initServletBean:457) - FrameworkServlet 'springmvc': initialization started
2017-09-17 20:56:38 [INFO ] support.XmlWebApplicationContext (prepareRefresh:510) - Refreshing WebApplicationContext for namespace 'springmvc-servlet': startup date [Sun Sep 17 20:56:38 CST 2017]; root of context hierarchy
2017-09-17 20:56:38 [INFO ] xml.XmlBeanDefinitionReader (loadBeanDefinitions:315) - Loading XML bean definitions from ServletContext resource [/WEB-INF/conf/spring-mvc.xml]
2017-09-17 20:56:38 [INFO ] support.DefaultListableBeanFactory (preInstantiateSingletons:598) - Pre-instantiating singletons in org.springframework.beans.factory.support.DefaultListableBeanFactory@548a0db9: defining beans [mvcContentNegotiationManager,org.springframework.web.servlet.mvc.method.annotation.RequestMappingHandlerMapping#0,org.springframework.format.support.FormattingConversionServiceFactoryBean#0,org.springframework.web.servlet.mvc.method.annotation.RequestMappingHandlerAdapter#0,org.springframework.web.servlet.handler.MappedInterceptor#0,org.springframework.web.servlet.mvc.method.annotation.ExceptionHandlerExceptionResolver#0,org.springframework.web.servlet.mvc.annotation.ResponseStatusExceptionResolver#0,org.springframework.web.servlet.mvc.support.DefaultHandlerExceptionResolver#0,org.springframework.web.servlet.handler.BeanNameUrlHandlerMapping,org.springframework.web.servlet.mvc.HttpRequestHandlerAdapter,org.springframework.web.servlet.mvc.SimpleControllerHandlerAdapter,loginController,userService,org.springframework.context.annotation.internalConfigurationAnnotationProcessor,org.springframework.context.annotation.internalAutowiredAnnotationProcessor,org.springframework.context.annotation.internalRequiredAnnotationProcessor,org.springframework.context.annotation.internalCommonAnnotationProcessor,org.springframework.context.annotation.ConfigurationClassPostProcessor.importAwareProcessor]; root of factory hierarchy
2017-09-17 20:56:38 [INFO ] annotation.RequestMappingHandlerMapping (registerHandlerMethod:180) - Mapped "{[/user/login.do],methods=[],params=[],headers=[],consumes=[],produces=[],custom=[]}" onto public com.sfpy.entity.ResultInfo com.sfpy.controller.LoginController.execute(java.lang.String,java.lang.String)
2017-09-17 20:56:39 [INFO ] servlet.DispatcherServlet (initServletBean:476) - FrameworkServlet 'springmvc': initialization completed in 667 ms
2017-09-17 20:56:39 [INFO ] http11.Http11Protocol (start:446) - Starting ProtocolHandler ["http-bio-8088"]
2017-10-11 22:11:12 [ERROR] db.DbOpBase (search:703) - 调用search参数错误
2017-10-11 22:11:13 [ERROR] db.DbOpBase (search:703) - 调用search参数错误
2017-10-11 22:11:28 [ERROR] db.DbOpBase (search:703) - 调用search参数错误
2017-10-12 20:58:08 [ERROR] db.DbOpBase (search:703) - 调用search参数错误
2017-10-12 20:59:02 [ERROR] db.DbOpBase (search:703) - 调用search参数错误
2017-10-12 20:59:30 [ERROR] db.DbOpBase (search:703) - 调用search参数错误
2017-10-12 21:00:47 [ERROR] db.DbOpBase (search:703) - 调用search参数错误
2017-10-18 14:45:16 [ERROR] http11.Http11Protocol (init:436) - Failed to initialize end point associated with ProtocolHandler ["http-bio-8088"]
java.net.BindException: Address already in use: JVM_Bind <null>:8088
	at org.apache.tomcat.util.net.JIoEndpoint.bind(JIoEndpoint.java:411)
	at org.apache.tomcat.util.net.AbstractEndpoint.init(AbstractEndpoint.java:640)
	at org.apache.coyote.AbstractProtocol.init(AbstractProtocol.java:434)
	at org.apache.coyote.http11.AbstractHttp11JsseProtocol.init(AbstractHttp11JsseProtocol.java:119)
	at org.apache.catalina.connector.Connector.initInternal(Connector.java:978)
	at org.apache.catalina.util.LifecycleBase.init(LifecycleBase.java:102)
	at org.apache.catalina.core.StandardService.initInternal(StandardService.java:559)
	at org.apache.catalina.util.LifecycleBase.init(LifecycleBase.java:102)
	at org.apache.catalina.core.StandardServer.initInternal(StandardServer.java:813)
	at org.apache.catalina.util.LifecycleBase.init(LifecycleBase.java:102)
	at org.apache.catalina.util.LifecycleBase.start(LifecycleBase.java:139)
	at org.apache.catalina.startup.Tomcat.start(Tomcat.java:341)
	at com.sfpy.main.Main.main(Main.java:72)
Caused by: java.net.BindException: Address already in use: JVM_Bind
	at java.net.DualStackPlainSocketImpl.bind0(Native Method)
	at java.net.DualStackPlainSocketImpl.socketBind(DualStackPlainSocketImpl.java:106)
	at java.net.AbstractPlainSocketImpl.bind(AbstractPlainSocketImpl.java:387)
	at java.net.PlainSocketImpl.bind(PlainSocketImpl.java:190)
	at java.net.ServerSocket.bind(ServerSocket.java:375)
	at java.net.ServerSocket.<init>(ServerSocket.java:237)
	at java.net.ServerSocket.<init>(ServerSocket.java:181)
	at org.apache.tomcat.util.net.DefaultServerSocketFactory.createSocket(DefaultServerSocketFactory.java:49)
	at org.apache.tomcat.util.net.JIoEndpoint.bind(JIoEndpoint.java:398)
	... 12 more
2017-10-18 14:45:16 [ERROR] core.StandardService (initInternal:563) - Failed to initialize connector [Connector[HTTP/1.1-8088]]
org.apache.catalina.LifecycleException: Failed to initialize component [Connector[HTTP/1.1-8088]]
	at org.apache.catalina.util.LifecycleBase.init(LifecycleBase.java:106)
	at org.apache.catalina.core.StandardService.initInternal(StandardService.java:559)
	at org.apache.catalina.util.LifecycleBase.init(LifecycleBase.java:102)
	at org.apache.catalina.core.StandardServer.initInternal(StandardServer.java:813)
	at org.apache.catalina.util.LifecycleBase.init(LifecycleBase.java:102)
	at org.apache.catalina.util.LifecycleBase.start(LifecycleBase.java:139)
	at org.apache.catalina.startup.Tomcat.start(Tomcat.java:341)
	at com.sfpy.main.Main.main(Main.java:72)
Caused by: org.apache.catalina.LifecycleException: Protocol handler initialization failed
	at org.apache.catalina.connector.Connector.initInternal(Connector.java:980)
	at org.apache.catalina.util.LifecycleBase.init(LifecycleBase.java:102)
	... 7 more
Caused by: java.net.BindException: Address already in use: JVM_Bind <null>:8088
	at org.apache.tomcat.util.net.JIoEndpoint.bind(JIoEndpoint.java:411)
	at org.apache.tomcat.util.net.AbstractEndpoint.init(AbstractEndpoint.java:640)
	at org.apache.coyote.AbstractProtocol.init(AbstractProtocol.java:434)
	at org.apache.coyote.http11.AbstractHttp11JsseProtocol.init(AbstractHttp11JsseProtocol.java:119)
	at org.apache.catalina.connector.Connector.initInternal(Connector.java:978)
	... 8 more
Caused by: java.net.BindException: Address already in use: JVM_Bind
	at java.net.DualStackPlainSocketImpl.bind0(Native Method)
	at java.net.DualStackPlainSocketImpl.socketBind(DualStackPlainSocketImpl.java:106)
	at java.net.AbstractPlainSocketImpl.bind(AbstractPlainSocketImpl.java:387)
	at java.net.PlainSocketImpl.bind(PlainSocketImpl.java:190)
	at java.net.ServerSocket.bind(ServerSocket.java:375)
	at java.net.ServerSocket.<init>(ServerSocket.java:237)
	at java.net.ServerSocket.<init>(ServerSocket.java:181)
	at org.apache.tomcat.util.net.DefaultServerSocketFactory.createSocket(DefaultServerSocketFactory.java:49)
	at org.apache.tomcat.util.net.JIoEndpoint.bind(JIoEndpoint.java:398)
	... 12 more
